<?xml version="1.0" encoding="UTF-8"?>
<!-- Generated by org.testng.reporters.JUnitXMLReporter -->
<testsuite ignored="4" hostname="Garimas-MacBook-Air.local" failures="2" tests="2" name="Surefire test" time="1.747" errors="0" timestamp="2024-06-21T00:59:35 IST">
  <testcase classname="TestClasses.GoogleSearchResultTest" name="searchPageText" time="0.002">
    <failure type="java.lang.NullPointerException" message="Cannot invoke &amp;quot;org.openqa.selenium.WebDriver.manage()&amp;quot; because &amp;quot;driver&amp;quot; is null">
      <![CDATA[java.lang.NullPointerException: Cannot invoke "org.openqa.selenium.WebDriver.manage()" because "driver" is null
at PageObjects.GoogleHomePage.<init>(GoogleHomePage.java:21)
at TestClasses.GoogleSearchResultTest.searchPageText(GoogleSearchResultTest.java:13)
at java.base/java.util.ArrayList.forEach(ArrayList.java:1511)
... Removed 30 stack frames]]>
    </failure>
  </testcase> <!-- searchPageText -->
  <testcase classname="TestClasses.GoogleHomeTest" name="searchText" time="0.0">
    <failure type="org.testng.TestNGException" message="
Parameter &amp;apos;keyword&amp;apos; is required by @Test on method searchText but has not been marked @Optional or defined
">
      <![CDATA[org.testng.TestNGException: 
Parameter 'keyword' is required by @Test on method searchText but has not been marked @Optional or defined

at java.base/java.util.ArrayList.forEach(ArrayList.java:1511)
... Removed 31 stack frames]]>
    </failure>
  </testcase> <!-- searchText -->
  <testcase classname="TestClasses.BaseTest" name="@BeforeTest setUpDriver" time="0.0">
    <ignored/>
  </testcase> <!-- @BeforeTest setUpDriver -->
  <testcase classname="TestClasses.BaseTest" name="@BeforeTest setUpDriver" time="0.0">
    <ignored/>
  </testcase> <!-- @BeforeTest setUpDriver -->
  <testcase classname="TestClasses.BaseTest" name="@AfterTest quiteDrive" time="0.0">
    <ignored/>
  </testcase> <!-- @AfterTest quiteDrive -->
  <testcase classname="TestClasses.BaseTest" name="@AfterTest quiteDrive" time="0.0">
    <ignored/>
  </testcase> <!-- @AfterTest quiteDrive -->
</testsuite> <!-- Surefire test -->
